This is pdfTeX, Version 3.141592653-2.6-1.40.25 (MiKTeX 24.1) (preloaded format=pdflatex 2025.5.12)  12 JUN 2025 13:17
entering extended mode
 restricted \write18 enabled.
 %&-line parsing enabled.
**./Tesis.tex
(Tesis.tex
LaTeX2e <2023-11-01> patch level 1
L3 programming layer <2024-01-04>
(C:\Users\elfhe\AppData\Local\Programs\MiKTeX\tex/latex/base\book.cls
Document Class: book 2023/05/17 v1.4n Standard LaTeX document class
(C:\Users\elfhe\AppData\Local\Programs\MiKTeX\tex/latex/base\bk12.clo
File: bk12.clo 2023/05/17 v1.4n Standard LaTeX file (size option)
)
\c@part=\count187
\c@chapter=\count188
\c@section=\count189
\c@subsection=\count190
\c@subsubsection=\count191
\c@paragraph=\count192
\c@subparagraph=\count193
\c@figure=\count194
\c@table=\count195
\abovecaptionskip=\skip48
\belowcaptionskip=\skip49
\bibindent=\dimen140
)
(C:\Users\elfhe\AppData\Local\Programs\MiKTeX\tex/latex/geometry\geometry.sty
Package: geometry 2020/01/02 v5.9 Page Geometry

(C:\Users\elfhe\AppData\Local\Programs\MiKTeX\tex/latex/graphics\keyval.sty
Package: keyval 2022/05/29 v1.15 key=value parser (DPC)
\KV@toks@=\toks17
)
(C:\Users\elfhe\AppData\Local\Programs\MiKTeX\tex/generic/iftex\ifvtex.sty
Package: ifvtex 2019/10/25 v1.7 ifvtex legacy package. Use iftex instead.

(C:\Users\elfhe\AppData\Local\Programs\MiKTeX\tex/generic/iftex\iftex.sty
Package: iftex 2022/02/03 v1.0f TeX engine tests
))
\Gm@cnth=\count196
\Gm@cntv=\count197
\c@Gm@tempcnt=\count198
\Gm@bindingoffset=\dimen141
\Gm@wd@mp=\dimen142
\Gm@odd@mp=\dimen143
\Gm@even@mp=\dimen144
\Gm@layoutwidth=\dimen145
\Gm@layoutheight=\dimen146
\Gm@layouthoffset=\dimen147
\Gm@layoutvoffset=\dimen148
\Gm@dimlist=\toks18

(C:\Users\elfhe\AppData\Local\Programs\MiKTeX\tex/latex/geometry\geometry.cfg))
(C:\Users\elfhe\AppData\Local\Programs\MiKTeX\tex/generic/babel\babel.sty
Package: babel 2024/01/07 v24.1 The Babel package
\babel@savecnt=\count199
\U@D=\dimen149
\l@unhyphenated=\language79

(C:\Users\elfhe\AppData\Local\Programs\MiKTeX\tex/generic/babel\txtbabel.def)
\bbl@readstream=\read2
\bbl@dirlevel=\count266

*************************************
* Local config file bblopts.cfg used
*
(C:\Users\elfhe\AppData\Local\Programs\MiKTeX\tex/latex/arabi\bblopts.cfg
File: bblopts.cfg 2005/09/08 v0.1 add Arabic and Farsi to "declared" options of
 babel
)
(C:\Users\elfhe\AppData\Local\Programs\MiKTeX\tex/latex/babel-spanish\spanish.l
df
Language: spanish.ldf 2021/05/27 v5.0q Spanish support from the babel system
\es@quottoks=\toks19
\es@quotdepth=\count267
Package babel Info: Making " an active character on input line 570.
))
(C:\Users\elfhe\AppData\Local\Programs\MiKTeX\tex/generic/babel/locale/es\babel
-spanish.tex
Package babel Info: Importing font and identification data for spanish
(babel)             from babel-es.ini. Reported on input line 11.
)
(C:\Users\elfhe\AppData\Local\Programs\MiKTeX\tex/latex/base\inputenc.sty
Package: inputenc 2021/02/14 v1.3d Input encoding file
\inpenc@prehook=\toks20
\inpenc@posthook=\toks21

(C:\Users\elfhe\AppData\Local\Programs\MiKTeX\tex/latex/base\latin1.def
File: latin1.def 2021/02/14 v1.3d Input encoding file
))
(C:\Users\elfhe\AppData\Local\Programs\MiKTeX\tex/latex/tools\enumerate.sty
Package: enumerate 2023/07/04 v3.00 enumerate extensions (DPC)
\@enLab=\toks22
)
(C:\Users\elfhe\AppData\Local\Programs\MiKTeX\tex/latex/subfigure\subfigure.sty
Package: subfigure 2002/07/30 v2.1.4 subfigure package
\subfigtopskip=\skip50
\subfigcapskip=\skip51
\subfigcaptopadj=\dimen150
\subfigbottomskip=\skip52
\subfigcapmargin=\dimen151
\subfiglabelskip=\skip53
\c@subfigure=\count268
\c@lofdepth=\count269
\c@subtable=\count270
\c@lotdepth=\count271
****************************************
* Local config file subfigure.cfg used *
****************************************

(C:\Users\elfhe\AppData\Local\Programs\MiKTeX\tex/latex/subfigure\subfigure.cfg
)
\subfig@top=\skip54
\subfig@bottom=\skip55
)
(C:\Users\elfhe\AppData\Local\Programs\MiKTeX\tex/latex/graphics\graphicx.sty
Package: graphicx 2021/09/16 v1.2d Enhanced LaTeX Graphics (DPC,SPQR)

(C:\Users\elfhe\AppData\Local\Programs\MiKTeX\tex/latex/graphics\graphics.sty
Package: graphics 2022/03/10 v1.4e Standard LaTeX Graphics (DPC,SPQR)

(C:\Users\elfhe\AppData\Local\Programs\MiKTeX\tex/latex/graphics\trig.sty
Package: trig 2021/08/11 v1.11 sin cos tan (DPC)
)
(C:\Users\elfhe\AppData\Local\Programs\MiKTeX\tex/latex/graphics-cfg\graphics.c
fg
File: graphics.cfg 2016/06/04 v1.11 sample graphics configuration
)
Package graphics Info: Driver file: pdftex.def on input line 107.

(C:\Users\elfhe\AppData\Local\Programs\MiKTeX\tex/latex/graphics-def\pdftex.def
File: pdftex.def 2022/09/22 v1.2b Graphics/color driver for pdftex
))
\Gin@req@height=\dimen152
\Gin@req@width=\dimen153
)
(C:\Users\elfhe\AppData\Local\Programs\MiKTeX\tex/latex/amsfonts\amsfonts.sty
Package: amsfonts 2013/01/14 v3.01 Basic AMSFonts support
\@emptytoks=\toks23
\symAMSa=\mathgroup4
\symAMSb=\mathgroup5
LaTeX Font Info:    Redeclaring math symbol \hbar on input line 98.
LaTeX Font Info:    Overwriting math alphabet `\mathfrak' in version `bold'
(Font)                  U/euf/m/n --> U/euf/b/n on input line 106.
)
(C:\Users\elfhe\AppData\Local\Programs\MiKTeX\tex/latex/base\textcomp.sty
Package: textcomp 2020/02/02 v2.0n Standard LaTeX package
)
(C:\Users\elfhe\AppData\Local\Programs\MiKTeX\tex/latex/jknappen\mathrsfs.sty
Package: mathrsfs 1996/01/01 Math RSFS package v1.0 (jk)
\symrsfs=\mathgroup6
)
(C:\Users\elfhe\AppData\Local\Programs\MiKTeX\tex/latex/pdfpages\pdfpages.sty
Package: pdfpages 2025/03/12 v0.6f Insert pages of external PDF documents (AM)

(C:\Users\elfhe\AppData\Local\Programs\MiKTeX\tex/latex/base\ifthen.sty
Package: ifthen 2022/04/13 v1.1d Standard LaTeX ifthen package (DPC)
)
(C:\Users\elfhe\AppData\Local\Programs\MiKTeX\tex/latex/tools\calc.sty
Package: calc 2023/07/08 v4.3 Infix arithmetic (KKT,FJ)
\calc@Acount=\count272
\calc@Bcount=\count273
\calc@Adimen=\dimen154
\calc@Bdimen=\dimen155
\calc@Askip=\skip56
\calc@Bskip=\skip57
LaTeX Info: Redefining \setlength on input line 80.
LaTeX Info: Redefining \addtolength on input line 81.
\calc@Ccount=\count274
\calc@Cskip=\skip58
)
(C:\Users\elfhe\AppData\Local\Programs\MiKTeX\tex/latex/eso-pic\eso-pic.sty
Package: eso-pic 2023/05/03 v3.0c eso-pic (RN)
\ESO@tempdima=\dimen156
\ESO@tempdimb=\dimen157

(C:\Users\elfhe\AppData\Local\Programs\MiKTeX\tex/latex/xcolor\xcolor.sty
Package: xcolor 2023/11/15 v3.01 LaTeX color extensions (UK)

(C:\Users\elfhe\AppData\Local\Programs\MiKTeX\tex/latex/graphics-cfg\color.cfg
File: color.cfg 2016/01/02 v1.6 sample color configuration
)
Package xcolor Info: Driver file: pdftex.def on input line 274.
(C:\Users\elfhe\AppData\Local\Programs\MiKTeX\tex/latex/graphics\mathcolor.ltx)
Package xcolor Info: Model `cmy' substituted by `cmy0' on input line 1350.
Package xcolor Info: Model `hsb' substituted by `rgb' on input line 1354.
Package xcolor Info: Model `RGB' extended on input line 1366.
Package xcolor Info: Model `HTML' substituted by `rgb' on input line 1368.
Package xcolor Info: Model `Hsb' substituted by `hsb' on input line 1369.
Package xcolor Info: Model `tHsb' substituted by `hsb' on input line 1370.
Package xcolor Info: Model `HSB' substituted by `hsb' on input line 1371.
Package xcolor Info: Model `Gray' substituted by `gray' on input line 1372.
Package xcolor Info: Model `wave' substituted by `hsb' on input line 1373.
))
(C:\Users\elfhe\AppData\Local\Programs\MiKTeX\tex/latex/etoolbox\etoolbox.sty
Package: etoolbox 2020/10/05 v2.5k e-TeX tools for LaTeX (JAW)
\etb@tempcnta=\count275
)
\AM@pagewidth=\dimen158
\AM@pageheight=\dimen159
\AM@fboxrule=\dimen160

(C:\Users\elfhe\AppData\Local\Programs\MiKTeX\tex/latex/pdfpages\pppdftex.def
File: pppdftex.def 2025/03/12 v0.6f Pdfpages driver for pdfTeX (AM)
)
\pdfpages@includegraphics@status=\count276
\AM@pagebox=\box51
\AM@global@opts=\toks24
\AM@pagecnt=\count277
\AM@toc@title=\toks25
\AM@lof@heading=\toks26
\c@AM@survey=\count278
\AM@templatesizebox=\box52
) (C:\Users\elfhe\AppData\Local\Programs\MiKTeX\tex/latex/setspace\setspace.sty
Package: setspace 2022/12/04 v6.7b set line spacing
) (C:\Users\elfhe\AppData\Local\Programs\MiKTeX\tex/latex/natbib\bibentry.sty
Package: bibentry 2007/10/30 1.5 (PWD)
)
(C:\Users\elfhe\AppData\Local\Programs\MiKTeX\tex/latex/natbib\natbib.sty
Package: natbib 2010/09/13 8.31b (PWD, AO)
\bibhang=\skip59
\bibsep=\skip60
LaTeX Info: Redefining \cite on input line 694.
\c@NAT@ctr=\count279
)
(C:\Users\elfhe\AppData\Local\Programs\MiKTeX\tex/latex/tools\longtable.sty
Package: longtable 2023-11-01 v4.19 Multi-page Table package (DPC)
\LTleft=\skip61
\LTright=\skip62
\LTpre=\skip63
\LTpost=\skip64
\LTchunksize=\count280
\LTcapwidth=\dimen161
\LT@head=\box53
\LT@firsthead=\box54
\LT@foot=\box55
\LT@lastfoot=\box56
\LT@gbox=\box57
\LT@cols=\count281
\LT@rows=\count282
\c@LT@tables=\count283
\c@LT@chunks=\count284
\LT@p@ftn=\toks27
)
(C:\Users\elfhe\AppData\Local\Programs\MiKTeX\tex/latex/amsmath\amsmath.sty
Package: amsmath 2023/05/13 v2.17o AMS math features
\@mathmargin=\skip65

For additional information on amsmath, use the `?' option.
(C:\Users\elfhe\AppData\Local\Programs\MiKTeX\tex/latex/amsmath\amstext.sty
Package: amstext 2021/08/26 v2.01 AMS text

(C:\Users\elfhe\AppData\Local\Programs\MiKTeX\tex/latex/amsmath\amsgen.sty
File: amsgen.sty 1999/11/30 v2.0 generic functions
\@emptytoks=\toks28
\ex@=\dimen162
))
(C:\Users\elfhe\AppData\Local\Programs\MiKTeX\tex/latex/amsmath\amsbsy.sty
Package: amsbsy 1999/11/29 v1.2d Bold Symbols
\pmbraise@=\dimen163
)
(C:\Users\elfhe\AppData\Local\Programs\MiKTeX\tex/latex/amsmath\amsopn.sty
Package: amsopn 2022/04/08 v2.04 operator names
)
\inf@bad=\count285
LaTeX Info: Redefining \frac on input line 234.
\uproot@=\count286
\leftroot@=\count287
LaTeX Info: Redefining \overline on input line 399.
LaTeX Info: Redefining \colon on input line 410.
\classnum@=\count288
\DOTSCASE@=\count289
LaTeX Info: Redefining \ldots on input line 496.
LaTeX Info: Redefining \dots on input line 499.
LaTeX Info: Redefining \cdots on input line 620.
\Mathstrutbox@=\box58
\strutbox@=\box59
LaTeX Info: Redefining \big on input line 722.
LaTeX Info: Redefining \Big on input line 723.
LaTeX Info: Redefining \bigg on input line 724.
LaTeX Info: Redefining \Bigg on input line 725.
\big@size=\dimen164
LaTeX Font Info:    Redeclaring font encoding OML on input line 743.
LaTeX Font Info:    Redeclaring font encoding OMS on input line 744.
\macc@depth=\count290
LaTeX Info: Redefining \bmod on input line 905.
LaTeX Info: Redefining \pmod on input line 910.
LaTeX Info: Redefining \smash on input line 940.
LaTeX Info: Redefining \relbar on input line 970.
LaTeX Info: Redefining \Relbar on input line 971.
\c@MaxMatrixCols=\count291
\dotsspace@=\muskip16
\c@parentequation=\count292
\dspbrk@lvl=\count293
\tag@help=\toks29
\row@=\count294
\column@=\count295
\maxfields@=\count296
\andhelp@=\toks30
\eqnshift@=\dimen165
\alignsep@=\dimen166
\tagshift@=\dimen167
\tagwidth@=\dimen168
\totwidth@=\dimen169
\lineht@=\dimen170
\@envbody=\toks31
\multlinegap=\skip66
\multlinetaggap=\skip67
\mathdisplay@stack=\toks32
LaTeX Info: Redefining \[ on input line 2953.
LaTeX Info: Redefining \] on input line 2954.
)
(C:\Users\elfhe\AppData\Local\Programs\MiKTeX\tex/latex/cleveref\cleveref.sty
Package: cleveref 2018/03/27 v0.21.4 Intelligent cross-referencing
)
(C:\Users\elfhe\AppData\Local\Programs\MiKTeX\tex/latex/amsfonts\amssymb.sty
Package: amssymb 2013/01/14 v3.01 AMS font symbols
)
(C:\Users\elfhe\AppData\Local\Programs\MiKTeX\tex/latex/caption\subcaption.sty
Package: subcaption 2023/07/28 v1.6b Sub-captions (AR)

(C:\Users\elfhe\AppData\Local\Programs\MiKTeX\tex/latex/caption\caption.sty
Package: caption 2023/08/05 v3.6o Customizing captions (AR)

(C:\Users\elfhe\AppData\Local\Programs\MiKTeX\tex/latex/caption\caption3.sty
Package: caption3 2023/07/31 v2.4d caption3 kernel (AR)
\caption@tempdima=\dimen171
\captionmargin=\dimen172
\caption@leftmargin=\dimen173
\caption@rightmargin=\dimen174
\caption@width=\dimen175
\caption@indent=\dimen176
\caption@parindent=\dimen177
\caption@hangindent=\dimen178
Package caption Info: Standard document class detected.
)
\c@caption@flags=\count297
\c@continuedfloat=\count298
Package caption Info: longtable package is loaded.

(C:\Users\elfhe\AppData\Local\Programs\MiKTeX\tex/latex/caption\ltcaption.sty
Package: ltcaption 2021/01/08 v1.4c longtable captions (AR)
)
Package caption Info: subfigure package is loaded.
)
LaTeX Info: Redefining \subref on input line 189.
Package subcaption Info: The counter `subfigure' was already defined by
(subcaption)             an unknown document class or package on input line 238
.
Package subcaption Info: The counter `subtable' was already defined by
(subcaption)             an unknown document class or package on input line 238
.
) (C:\Users\elfhe\AppData\Local\Programs\MiKTeX\tex/latex/multirow\multirow.sty
Package: multirow 2024/11/12 v2.9 Span multiple rows of a table
\multirow@colwidth=\skip68
\multirow@cntb=\count299
\multirow@dima=\skip69
\bigstrutjot=\dimen179
) (C:\Users\elfhe\AppData\Local\Programs\MiKTeX\tex/latex/enumitem\enumitem.sty
Package: enumitem 2025/02/06 v3.11 Customized lists
\labelindent=\skip70
\enit@outerparindent=\dimen180
\enit@toks=\toks33
\enit@inbox=\box60
\enit@count@id=\count300
\enitdp@description=\count301
) (C:\Users\elfhe\AppData\Local\Programs\MiKTeX\tex/latex/float\float.sty
Package: float 2001/11/08 v1.3d Float enhancements (AL)
\c@float@type=\count302
\float@exts=\toks34
\float@box=\box61
\@float@everytoks=\toks35
\@floatcapt=\box62
)
(C:\Users\elfhe\AppData\Local\Programs\MiKTeX\tex/latex/l3backend\l3backend-pdf
tex.def
File: l3backend-pdftex.def 2024-01-04 L3 backend support: PDF output (pdfTeX)
\l__color_backend_stack_int=\count303
\l__pdf_internal_box=\box63
) (Tesis.aux
LaTeX Info: Redefining \. on input line 5.
LaTeX Info: Redefining \% on input line 5.
)
\openout1 = `Tesis.aux'.

LaTeX Font Info:    Checking defaults for OML/cmm/m/it on input line 30.
LaTeX Font Info:    ... okay on input line 30.
LaTeX Font Info:    Checking defaults for OMS/cmsy/m/n on input line 30.
LaTeX Font Info:    ... okay on input line 30.
LaTeX Font Info:    Checking defaults for OT1/cmr/m/n on input line 30.
LaTeX Font Info:    ... okay on input line 30.
LaTeX Font Info:    Checking defaults for T1/cmr/m/n on input line 30.
LaTeX Font Info:    ... okay on input line 30.
LaTeX Font Info:    Checking defaults for TS1/cmr/m/n on input line 30.
LaTeX Font Info:    ... okay on input line 30.
LaTeX Font Info:    Checking defaults for OMX/cmex/m/n on input line 30.
LaTeX Font Info:    ... okay on input line 30.
LaTeX Font Info:    Checking defaults for U/cmr/m/n on input line 30.
LaTeX Font Info:    ... okay on input line 30.

*geometry* driver: auto-detecting
*geometry* detected driver: pdftex
*geometry* verbose mode - [ preamble ] result:
* driver: pdftex
* paper: letterpaper
* layout: <same size as paper>
* layoutoffset:(h,v)=(0.0pt,0.0pt)
* modes: 
* h-part:(L,W,R)=(85.35826pt, 457.80486pt, 71.13188pt)
* v-part:(T,H,B)=(85.35826pt, 624.25346pt, 85.35826pt)
* \paperwidth=614.295pt
* \paperheight=794.96999pt
* \textwidth=457.80486pt
* \textheight=624.25346pt
* \oddsidemargin=13.08827pt
* \evensidemargin=13.08827pt
* \topmargin=-18.78552pt
* \headheight=12.0pt
* \headsep=19.8738pt
* \topskip=12.0pt
* \footskip=30.0pt
* \marginparwidth=47.0pt
* \marginparsep=7.0pt
* \columnsep=10.0pt
* \skip\footins=10.8pt plus 4.0pt minus 2.0pt
* \hoffset=0.0pt
* \voffset=0.0pt
* \mag=1000
* \@twocolumnfalse
* \@twosidefalse
* \@mparswitchfalse
* \@reversemarginfalse
* (1in=72.27pt=25.4mm, 1cm=28.453pt)

LaTeX Info: Redefining \. on input line 30.
LaTeX Info: Redefining \% on input line 30.

(C:\Users\elfhe\AppData\Local\Programs\MiKTeX\tex/context/base/mkii\supp-pdf.mk
ii
[Loading MPS to PDF converter (version 2006.09.02).]
\scratchcounter=\count304
\scratchdimen=\dimen181
\scratchbox=\box64
\nofMPsegments=\count305
\nofMParguments=\count306
\everyMPshowfont=\toks36
\MPscratchCnt=\count307
\MPscratchDim=\dimen182
\MPnumerator=\count308
\makeMPintoPDFobject=\count309
\everyMPtoPDFconversion=\toks37
)
(C:\Users\elfhe\AppData\Local\Programs\MiKTeX\tex/latex/epstopdf-pkg\epstopdf-b
ase.sty
Package: epstopdf-base 2020-01-24 v2.11 Base part for package epstopdf
Package epstopdf-base Info: Redefining graphics rule for `.eps' on input line 4
85.

(C:\Users\elfhe\AppData\Local\Programs\MiKTeX\tex/latex/00miktex\epstopdf-sys.c
fg
File: epstopdf-sys.cfg 2021/03/18 v2.0 Configuration of epstopdf for MiKTeX
))
(C:\Users\elfhe\AppData\Local\Programs\MiKTeX\tex/latex/pdflscape\pdflscape.sty
Package: pdflscape 2022-10-27 v0.13 Display of landscape pages in PDF

(C:\Users\elfhe\AppData\Local\Programs\MiKTeX\tex/latex/pdflscape\pdflscape-nom
etadata.sty
Package: pdflscape-nometadata 2022-10-28 v0.13 Display of landscape pages in PD
F (HO)

(C:\Users\elfhe\AppData\Local\Programs\MiKTeX\tex/latex/graphics\lscape.sty
Package: lscape 2020/05/28 v3.02 Landscape Pages (DPC)
)
Package pdflscape Info: Auto-detected driver: pdftex on input line 81.
))
Package caption Info: Begin \AtBeginDocument code.
Package caption Info: float package is loaded.
Package caption Info: End \AtBeginDocument code.


pdfTeX warning: pdflatex.exe (file ./PORTADA.pdf): PDF inclusion: found PDF ver
sion <1.7>, but at most version <1.5> allowed
<PORTADA.pdf, id=1, 614.41545pt x 795.09044pt>
File: PORTADA.pdf Graphic file (type pdf)
<use PORTADA.pdf>
Package pdftex.def Info: PORTADA.pdf  used on input line 39.
(pdftex.def)             Requested size: 614.41396pt x 795.08849pt.


pdfTeX warning: pdflatex.exe (file ./PORTADA.pdf): PDF inclusion: found PDF ver
sion <1.7>, but at most version <1.5> allowed


pdfTeX warning: pdflatex.exe (file ./PORTADA.pdf): PDF inclusion: found PDF ver
sion <1.7>, but at most version <1.5> allowed
<PORTADA.pdf, id=3, page=1, 614.41545pt x 795.09044pt>
File: PORTADA.pdf Graphic file (type pdf)
<use PORTADA.pdf, page 1>
Package pdftex.def Info: PORTADA.pdf , page1 used on input line 39.
(pdftex.def)             Requested size: 614.41396pt x 795.08849pt.
File: PORTADA.pdf Graphic file (type pdf)
<use PORTADA.pdf, page 1>
Package pdftex.def Info: PORTADA.pdf , page1 used on input line 39.
(pdftex.def)             Requested size: 614.38582pt x 795.05208pt.
File: PORTADA.pdf Graphic file (type pdf)
<use PORTADA.pdf, page 1>
Package pdftex.def Info: PORTADA.pdf , page1 used on input line 39.
(pdftex.def)             Requested size: 614.38582pt x 795.05208pt.
File: PORTADA.pdf Graphic file (type pdf)
<use PORTADA.pdf, page 1>
Package pdftex.def Info: PORTADA.pdf , page1 used on input line 39.
(pdftex.def)             Requested size: 614.38582pt x 795.05208pt.
File: PORTADA.pdf Graphic file (type pdf)
<use PORTADA.pdf, page 1>
Package pdftex.def Info: PORTADA.pdf , page1 used on input line 39.
(pdftex.def)             Requested size: 614.38582pt x 795.05208pt.
[1


 <./PORTADA.pdf>]
Underfull \hbox (badness 10000) in paragraph at lines 56--58

 []

[1

{C:/Users/elfhe/AppData/Local/MiKTeX/fonts/map/pdftex/pdftex.map}]
Underfull \hbox (badness 10000) in paragraph at lines 68--69

 []

[2

] [3

] [4

] (Tesis.toc
LaTeX Info: Redefining \. on input line 1.
LaTeX Info: Redefining \% on input line 1.
LaTeX Font Info:    Trying to load font information for U+msa on input line 6.

(C:\Users\elfhe\AppData\Local\Programs\MiKTeX\tex/latex/amsfonts\umsa.fd
File: umsa.fd 2013/01/14 v3.01 AMS symbols A
)
LaTeX Font Info:    Trying to load font information for U+msb on input line 6.

(C:\Users\elfhe\AppData\Local\Programs\MiKTeX\tex/latex/amsfonts\umsb.fd
File: umsb.fd 2013/01/14 v3.01 AMS symbols B
)
LaTeX Font Info:    Trying to load font information for U+rsfs on input line 6.


(C:\Users\elfhe\AppData\Local\Programs\MiKTeX\tex/latex/jknappen\ursfs.fd
File: ursfs.fd 1998/03/24 rsfs font definition file (jk)
)
[5

]
LaTeX Info: Redefining \. on input line 62.
LaTeX Info: Redefining \% on input line 62.
 [6])
\tf@toc=\write3
\openout3 = `Tesis.toc'.

LaTeX Info: Redefining \. on input line 96.
LaTeX Info: Redefining \% on input line 96.
 [7] (Tesis.lof
LaTeX Info: Redefining \. on input line 1.
LaTeX Info: Redefining \% on input line 1.
 [8

])
\tf@lof=\write4
\openout4 = `Tesis.lof'.

LaTeX Info: Redefining \. on input line 99.
LaTeX Info: Redefining \% on input line 99.
 [9] (Tesis.lot
LaTeX Info: Redefining \. on input line 1.
LaTeX Info: Redefining \% on input line 1.


Package natbib Warning: Citation `ADITIYA2016631' on page X undefined on input 
line 4.

)
\tf@lot=\write5
\openout5 = `Tesis.lot'.

 [10

] [11

]
Cap\'{\i }tulo 1.
[1

]
LaTeX Info: Redefining \. on input line 121.
LaTeX Info: Redefining \% on input line 121.
 [2]
Underfull \hbox (badness 10000) in paragraph at lines 127--128

 []

LaTeX Info: Redefining \. on input line 168.
LaTeX Info: Redefining \% on input line 168.
[3]
LaTeX Info: Redefining \. on input line 207.
LaTeX Info: Redefining \% on input line 207.
 [4]
LaTeX Info: Redefining \. on input line 222.
LaTeX Info: Redefining \% on input line 222.
 [5]
Underfull \hbox (badness 10000) in paragraph at lines 233--235

 []

LaTeX Info: Redefining \. on input line 251.
LaTeX Info: Redefining \% on input line 251.
[6]
Cap\'{\i }tulo 2.

Package natbib Warning: Citation `castro2012produccion' on page 7 undefined on 
input line 260.


Package natbib Warning: Citation `ballesteros2002proceso' on page 7 undefined o
n input line 261.


Package natbib Warning: Citation `olmo2015bagazo' on page 7 undefined on input 
line 274.


Package natbib Warning: Citation `perez2022efecto' on page 7 undefined on input
 line 275.

[7

]
<imagenes/bagazo.png, id=98, 260.47313pt x 287.57437pt>
File: imagenes/bagazo.png Graphic file (type png)
<use imagenes/bagazo.png>
Package pdftex.def Info: imagenes/bagazo.png  used on input line 279.
(pdftex.def)             Requested size: 183.11914pt x 202.1739pt.


Package natbib Warning: Citation `cuervo2009lignocelulosa' on page 8 undefined 
on input line 290.


Package natbib Warning: Citation `jara2022principales' on page 8 undefined on i
nput line 291.


Package natbib Warning: Citation `portalproduccion' on page 8 undefined on inpu
t line 293.


Package natbib Warning: Citation `Riano2010produccion' on page 8 undefined on i
nput line 301.

LaTeX Info: Redefining \. on input line 302.
LaTeX Info: Redefining \% on input line 302.
[8 <./imagenes/bagazo.png>]
<imagenes/pretrata_1.png, id=104, 749.80125pt x 529.98pt>
File: imagenes/pretrata_1.png Graphic file (type png)
<use imagenes/pretrata_1.png>
Package pdftex.def Info: imagenes/pretrata_1.png  used on input line 305.
(pdftex.def)             Requested size: 183.11914pt x 129.42975pt.


Package natbib Warning: Citation `ADITIYA2016631' on page 9 undefined on input 
line 312.


Package natbib Warning: Citation `Nasution_2022' on page 9 undefined on input l
ine 312.


Package natbib Warning: Citation `ADITIYA2016631' on page 9 undefined on input 
line 316.


Package natbib Warning: Citation `ADITIYA2016631' on page 9 undefined on input 
line 316.


Package natbib Warning: Citation `espinosa2021pretratamiento' on page 9 undefin
ed on input line 343.


Package natbib Warning: Citation `valles2022estudio' on page 9 undefined on inp
ut line 344.

LaTeX Info: Redefining \. on input line 345.
LaTeX Info: Redefining \% on input line 345.
[9 <./imagenes/pretrata_1.png>]

Package natbib Warning: Citation `Gonzalez2018desarrollo' on page 10 undefined 
on input line 348.


Package natbib Warning: Citation `CHOUDHARY201682' on page 10 undefined on inpu
t line 356.

<imagenes/Diagrama2.png, id=109, 722.7pt x 406.51875pt>
File: imagenes/Diagrama2.png Graphic file (type png)
<use imagenes/Diagrama2.png>
Package pdftex.def Info: imagenes/Diagrama2.png  used on input line 360.
(pdftex.def)             Requested size: 457.80486pt x 257.51624pt.

Overfull \hbox (73.74297pt too wide) in paragraph at lines 359--361
[]  [] 
 []

LaTeX Info: Redefining \. on input line 364.
LaTeX Info: Redefining \% on input line 364.
[10]

Package natbib Warning: Citation `CHOUDHARY201682' on page 11 undefined on inpu
t line 370.


Package natbib Warning: Citation `CHOUDHARY201682' on page 11 undefined on inpu
t line 374.

<imagenes/dagrama ssf.png, id=113, 1821.80624pt x 914.41624pt>
File: imagenes/dagrama ssf.png Graphic file (type png)
<use imagenes/dagrama ssf.png>
Package pdftex.def Info: imagenes/dagrama ssf.png  used on input line 380.
(pdftex.def)             Requested size: 320.46199pt x 160.84845pt.
LaTeX Info: Redefining \. on input line 384.
LaTeX Info: Redefining \% on input line 384.
[11 <./imagenes/Diagrama2.png>]

Package natbib Warning: Citation `ADITIYA2016631' on page 12 undefined on input
 line 388.


Package natbib Warning: Citation `espinosa2021pretratamiento' on page 12 undefi
ned on input line 389.


Package natbib Warning: Citation `valles2022estudio' on page 12 undefined on in
put line 390.


Package natbib Warning: Citation `Gonzalez2018desarrollo' on page 12 undefined 
on input line 392.


Package natbib Warning: Citation `Galbe2012' on page 12 undefined on input line
 419.

LaTeX Info: Redefining \. on input line 422.
LaTeX Info: Redefining \% on input line 422.
[12 <./imagenes/dagrama ssf.png>]

Package natbib Warning: Citation `Nasution_2022' on page 13 undefined on input 
line 423.


Package natbib Warning: Citation `Arturo2022evaluacion' on page 13 undefined on
 input line 425.


Underfull \hbox (badness 10000) in paragraph at lines 427--428

 []

LaTeX Info: Redefining \. on input line 441.
LaTeX Info: Redefining \% on input line 441.
[13]

Package natbib Warning: Citation `Galbe2012' on page 14 undefined on input line
 441.


Package natbib Warning: Citation `Arturo2022evaluacion' on page 14 undefined on
 input line 442.


Package natbib Warning: Citation `TANTAYOTAI2022102499' on page 14 undefined on
 input line 444.


Package natbib Warning: Citation `rojas2010analisis' on page 14 undefined on in
put line 447.


Package natbib Warning: Citation `rojas2010analisis' on page 14 undefined on in
put line 454.


Package natbib Warning: Citation `MOONSAMY2022115675' on page 14 undefined on i
nput line 456.

LaTeX Info: Redefining \. on input line 458.
LaTeX Info: Redefining \% on input line 458.
[14]

Package natbib Warning: Citation `Gomes2022analisis' on page 15 undefined on in
put line 466.

LaTeX Info: Redefining \. on input line 483.
LaTeX Info: Redefining \% on input line 483.
[15]
Cap\'{\i }tulo 3.
<imagenes/descripcion.png, id=134, 7792.11125pt x 3355.53625pt>
File: imagenes/descripcion.png Graphic file (type png)
<use imagenes/descripcion.png>
Package pdftex.def Info: imagenes/descripcion.png  used on input line 493.
(pdftex.def)             Requested size: 457.80486pt x 197.12498pt.
<imagenes/sstema.png, id=135, 8900.25125pt x 2866.71pt>
File: imagenes/sstema.png Graphic file (type png)
<use imagenes/sstema.png>
Package pdftex.def Info: imagenes/sstema.png  used on input line 506.
(pdftex.def)             Requested size: 457.80486pt x 147.45567pt.
[16

 <./imagenes/descripcion.png>]
LaTeX Info: Redefining \. on input line 524.
LaTeX Info: Redefining \% on input line 524.
 [17 <./imagenes/sstema.png>]
<imagenes/convertidor diagrama.png, id=144, 646.5756pt x 316.5426pt>
File: imagenes/convertidor diagrama.png Graphic file (type png)
<use imagenes/convertidor diagrama.png>
Package pdftex.def Info: imagenes/convertidor diagrama.png  used on input line 
558.
(pdftex.def)             Requested size: 366.24527pt x 179.30092pt.
LaTeX Info: Redefining \. on input line 562.
LaTeX Info: Redefining \% on input line 562.
 [18]
<imagenes/3_reactor.jpg, id=152, 596.98032pt x 509.65407pt>
File: imagenes/3_reactor.jpg Graphic file (type jpg)
<use imagenes/3_reactor.jpg>
Package pdftex.def Info: imagenes/3_reactor.jpg  used on input line 568.
(pdftex.def)             Requested size: 183.11914pt x 156.33469pt.
<imagenes/Biorreactor.png, id=153, 154.6578pt x 200.4288pt>
File: imagenes/Biorreactor.png Graphic file (type png)
<use imagenes/Biorreactor.png>
Package pdftex.def Info: imagenes/Biorreactor.png  used on input line 584.
(pdftex.def)             Requested size: 137.34285pt x 177.9896pt.
LaTeX Info: Redefining \. on input line 588.
LaTeX Info: Redefining \% on input line 588.
 [19 <./imagenes/convertidor diagrama.png> <./imagenes/3_reactor.jpg>]
<imagenes/Reactor.png, id=159, 441.8106pt x 335.3328pt>
File: imagenes/Reactor.png Graphic file (type png)
<use imagenes/Reactor.png>
Package pdftex.def Info: imagenes/Reactor.png  used on input line 595.
(pdftex.def)             Requested size: 228.90242pt x 173.73958pt.
LaTeX Info: Redefining \. on input line 606.
LaTeX Info: Redefining \% on input line 606.
 [20 <./imagenes/Biorreactor.png> <./imagenes/Reactor.png>]
<imagenes/soldado1.png, id=165, 676.77844pt x 1203.7472pt>
File: imagenes/soldado1.png Graphic file (type png)
<use imagenes/soldado1.png>
Package pdftex.def Info: imagenes/soldado1.png  used on input line 610.
(pdftex.def)             Requested size: 91.55957pt x 162.84784pt.
<imagenes/reactor_tubos.png, id=166, 676.77844pt x 1203.7472pt>
File: imagenes/reactor_tubos.png Graphic file (type png)
<use imagenes/reactor_tubos.png>
Package pdftex.def Info: imagenes/reactor_tubos.png  used on input line 620.
(pdftex.def)             Requested size: 160.23448pt x 284.9929pt.
LaTeX Info: Redefining \. on input line 627.
LaTeX Info: Redefining \% on input line 627.
 [21 <./imagenes/soldado1.png> <./imagenes/reactor_tubos.png>]
<imagenes/reactor_completo.png, id=172, 1204.5pt x 906.38625pt>
File: imagenes/reactor_completo.png Graphic file (type png)
<use imagenes/reactor_completo.png>
Package pdftex.def Info: imagenes/reactor_completo.png  used on input line 632.

(pdftex.def)             Requested size: 320.46199pt x 241.14551pt.
<imagenes/motorreductor.png, id=173, 203.8014pt x 334.851pt>
File: imagenes/motorreductor.png Graphic file (type png)
<use imagenes/motorreductor.png>
Package pdftex.def Info: imagenes/motorreductor.png  used on input line 648.
(pdftex.def)             Requested size: 137.34285pt x 225.66211pt.


LaTeX Warning: `!h' float specifier changed to `!ht'.

LaTeX Info: Redefining \. on input line 659.
LaTeX Info: Redefining \% on input line 659.
[22 <./imagenes/reactor_completo.png>]
<imagenes/Medidas del mezclador.png, id=178, 1445.4pt x 813.0375pt>
File: imagenes/Medidas del mezclador.png Graphic file (type png)
<use imagenes/Medidas del mezclador.png>
Package pdftex.def Info: imagenes/Medidas del mezclador.png  used on input line
 663.
(pdftex.def)             Requested size: 366.24527pt x 206.01299pt.
<imagenes/Mezclador y reactor vista frontal.png, id=179, 1445.4pt x 813.0375pt>

File: imagenes/Mezclador y reactor vista frontal.png Graphic file (type png)
<use imagenes/Mezclador y reactor vista frontal.png>
Package pdftex.def Info: imagenes/Mezclador y reactor vista frontal.png  used o
n input line 674.
(pdftex.def)             Requested size: 320.46199pt x 180.25827pt.
LaTeX Info: Redefining \. on input line 678.
LaTeX Info: Redefining \% on input line 678.
 [23 <./imagenes/motorreductor.png> <./imagenes/Medidas del mezclador.png>]
<imagenes/reactor con mezclador.jpg, id=185, 902.37125pt x 1604.99625pt>
File: imagenes/reactor con mezclador.jpg Graphic file (type jpg)
<use imagenes/reactor con mezclador.jpg>
Package pdftex.def Info: imagenes/reactor con mezclador.jpg  used on input line
 683.
(pdftex.def)             Requested size: 183.11914pt x 325.6957pt.
LaTeX Info: Redefining \. on input line 692.
LaTeX Info: Redefining \% on input line 692.
 [24 <./imagenes/Mezclador y reactor vista frontal.png> <./imagenes/reactor con
 mezclador.jpg>]
<imagenes/Diagrama1_1.png, id=190, 469.755pt x 537.207pt>
File: imagenes/Diagrama1_1.png Graphic file (type png)
<use imagenes/Diagrama1_1.png>
Package pdftex.def Info: imagenes/Diagrama1_1.png  used on input line 722.
(pdftex.def)             Requested size: 183.11914pt x 209.41151pt.


LaTeX Warning: `!h' float specifier changed to `!ht'.

LaTeX Info: Redefining \. on input line 742.
LaTeX Info: Redefining \% on input line 742.
[25]
<imagenes/Senal en simulink.png, id=196, 467.346pt x 250.536pt>
File: imagenes/Senal en simulink.png Graphic file (type png)
<use imagenes/Senal en simulink.png>
Package pdftex.def Info: imagenes/Senal en simulink.png  used on input line 746
.
(pdftex.def)             Requested size: 320.46199pt x 171.79196pt.
LaTeX Info: Redefining \. on input line 752.
LaTeX Info: Redefining \% on input line 752.
 [26 <./imagenes/Diagrama1_1.png> <./imagenes/Senal en simulink.png>]
<imagenes/Senal PWM.png, id=202, 379.1766pt x 200.9106pt>
File: imagenes/Senal PWM.png Graphic file (type png)
<use imagenes/Senal PWM.png>
Package pdftex.def Info: imagenes/Senal PWM.png  used on input line 756.
(pdftex.def)             Requested size: 366.24527pt x 194.06757pt.
<imagenes/1.png, id=203, 1445.4pt x 697.10437pt>
File: imagenes/1.png Graphic file (type png)
<use imagenes/1.png>
Package pdftex.def Info: imagenes/1.png  used on input line 780.
(pdftex.def)             Requested size: 412.02156pt x 198.70871pt.


LaTeX Warning: `!h' float specifier changed to `!ht'.

<imagenes/prueba a 90_k12.png, id=204, 1445.4pt x 697.10437pt>
File: imagenes/prueba a 90_k12.png Graphic file (type png)
<use imagenes/prueba a 90_k12.png>
Package pdftex.def Info: imagenes/prueba a 90_k12.png  used on input line 789.
(pdftex.def)             Requested size: 320.46199pt x 154.55476pt.
LaTeX Info: Redefining \. on input line 793.
LaTeX Info: Redefining \% on input line 793.
[27 <./imagenes/Senal PWM.png>]
<imagenes/4.png, id=209, 1445.4pt x 697.10437pt>
File: imagenes/4.png Graphic file (type png)
<use imagenes/4.png>
Package pdftex.def Info: imagenes/4.png  used on input line 804.
(pdftex.def)             Requested size: 457.80486pt x 220.791pt.
LaTeX Info: Redefining \. on input line 808.
LaTeX Info: Redefining \% on input line 808.
 [28 <./imagenes/1.png (PNG copy)> <./imagenes/prueba a 90_k12.png (PNG copy)>]
<imagenes/4_1.png, id=213, 1445.4pt x 697.10437pt>
File: imagenes/4_1.png Graphic file (type png)
<use imagenes/4_1.png>
Package pdftex.def Info: imagenes/4_1.png  used on input line 812.
(pdftex.def)             Requested size: 457.80486pt x 220.791pt.
LaTeX Info: Redefining \. on input line 817.
LaTeX Info: Redefining \% on input line 817.
 [29 <./imagenes/4.png (PNG copy)> <./imagenes/4_1.png (PNG copy)>]
<imagenes/5.png, id=217, 1445.4pt x 697.10437pt>
File: imagenes/5.png Graphic file (type png)
<use imagenes/5.png>
Package pdftex.def Info: imagenes/5.png  used on input line 827.
(pdftex.def)             Requested size: 457.80486pt x 220.791pt.
<imagenes/5_1.png, id=218, 1445.4pt x 697.10437pt>
File: imagenes/5_1.png Graphic file (type png)
<use imagenes/5_1.png>
Package pdftex.def Info: imagenes/5_1.png  used on input line 839.
(pdftex.def)             Requested size: 457.80486pt x 220.791pt.
LaTeX Info: Redefining \. on input line 843.
LaTeX Info: Redefining \% on input line 843.
 [30 <./imagenes/5.png (PNG copy)>]
<imagenes/7.png, id=222, 1445.4pt x 697.10437pt>
File: imagenes/7.png Graphic file (type png)
<use imagenes/7.png>
Package pdftex.def Info: imagenes/7.png  used on input line 855.
(pdftex.def)             Requested size: 457.80486pt x 220.791pt.
LaTeX Info: Redefining \. on input line 859.
LaTeX Info: Redefining \% on input line 859.
 [31 <./imagenes/5_1.png (PNG copy)>]
<imagenes/PRBS.png, id=227, 1445.4pt x 697.10437pt>
File: imagenes/PRBS.png Graphic file (type png)
<use imagenes/PRBS.png>
Package pdftex.def Info: imagenes/PRBS.png  used on input line 868.
(pdftex.def)             Requested size: 412.02156pt x 198.70871pt.
LaTeX Info: Redefining \. on input line 874.
LaTeX Info: Redefining \% on input line 874.
 [32 <./imagenes/7.png (PNG copy)> <./imagenes/PRBS.png (PNG copy)>]
<imagenes/senal_prbs_ampl_alea.png, id=231, 1445.4pt x 697.10437pt>
File: imagenes/senal_prbs_ampl_alea.png Graphic file (type png)
<use imagenes/senal_prbs_ampl_alea.png>
Package pdftex.def Info: imagenes/senal_prbs_ampl_alea.png  used on input line 
879.
(pdftex.def)             Requested size: 412.02156pt x 198.70871pt.
<imagenes/diagrama_PRBS.png, id=232, 340.27126pt x 614.295pt>
File: imagenes/diagrama_PRBS.png Graphic file (type png)
<use imagenes/diagrama_PRBS.png>
Package pdftex.def Info: imagenes/diagrama_PRBS.png  used on input line 894.
(pdftex.def)             Requested size: 183.11914pt x 330.58955pt.
LaTeX Info: Redefining \. on input line 898.
LaTeX Info: Redefining \% on input line 898.
 [33 <./imagenes/senal_prbs_ampl_alea.png (PNG copy)>]
<imagenes/temperatura con prbs.png, id=236, 1445.4pt x 697.10437pt>
File: imagenes/temperatura con prbs.png Graphic file (type png)
<use imagenes/temperatura